Change Component Designator: Old Designator=C28 New Designator=C49
Change Component Designator: Old Designator=C50 New Designator=C46
Change Component Designator: Old Designator=C51 New Designator=C47
Change Component Designator: Old Designator=C52 New Designator=C48
Change Component Designator: Old Designator=C53 New Designator=C50
Change Component Designator: Old Designator=D14 New Designator=D10
Change Component Designator: Old Designator=D15 New Designator=D11
Change Component Designator: Old Designator=D? New Designator=D12
Change Component Designator: Old Designator=F? New Designator=F4
Change Component Designator: Old Designator=J4 New Designator=J3
Change Component Designator: Old Designator=JP3 New Designator=JP2
Change Component Designator: Old Designator=JP7 New Designator=JP3
Change Component Designator: Old Designator=JP11 New Designator=JP4
Change Component Designator: Old Designator=JP12 New Designator=JP7
Change Component Designator: Old Designator=JP? New Designator=JP5
Change Component Designator: Old Designator=JP? New Designator=JP6
Change Component Designator: Old Designator=JP? New Designator=JP8
Change Component Designator: Old Designator=JP? New Designator=JP9
Change Component Designator: Old Designator=R84 New Designator=R69
Change Component Designator: Old Designator=R85 New Designator=R65
Change Component Designator: Old Designator=R86 New Designator=R66
Change Component Designator: Old Designator=R87 New Designator=R67
Change Component Designator: Old Designator=R88 New Designator=R72
Change Component Designator: Old Designator=R89 New Designator=R73
Change Component Designator: Old Designator=R90 New Designator=R74
Change Component Designator: Old Designator=R91 New Designator=R76
Change Component Designator: Old Designator=R92 New Designator=R79
Change Component Designator: Old Designator=R94 New Designator=R77
Change Component Designator: Old Designator=R95 New Designator=R80
Change Component Designator: Old Designator=R98 New Designator=R75
Change Component Designator: Old Designator=R99 New Designator=R78
Change Component Designator: Old Designator=R110 New Designator=R81
Change Component Designator: Old Designator=R111 New Designator=R82
Change Component Designator: Old Designator=R122 New Designator=R62
Change Component Designator: Old Designator=R123 New Designator=R63
Change Component Designator: Old Designator=R124 New Designator=R64
Change Component Designator: Old Designator=R125 New Designator=R68
Change Component Designator: Old Designator=R133 New Designator=R70
Change Component Designator: Old Designator=R134 New Designator=R71
Change Component Designator: Old Designator=R? New Designator=R83
Change Component Designator: Old Designator=R? New Designator=R84
Change Component Designator: Old Designator=S4 New Designator=S5
Change Component Designator: Old Designator=S? New Designator=S8
Change Component Designator: Old Designator=U4 New Designator=U7
Change Component Designator: Old Designator=U8 New Designator=U6
