Change Component Designator: Old Designator=C10 New Designator=C12
Change Component Designator: Old Designator=C11 New Designator=C13
Change Component Designator: Old Designator=C12 New Designator=C14
Change Component Designator: Old Designator=C13 New Designator=C15
Change Component Designator: Old Designator=C14 New Designator=C16
Change Component Designator: Old Designator=C15 New Designator=C17
Change Component Designator: Old Designator=C16 New Designator=C20
Change Component Designator: Old Designator=C17 New Designator=C19
Change Component Designator: Old Designator=C18 New Designator=C21
Change Component Designator: Old Designator=C? New Designator=C10
Change Component Designator: Old Designator=C? New Designator=C11
Change Component Designator: Old Designator=C? New Designator=C18
Change Component Designator: Old Designator=CB1 New Designator=CB2
Change Component Designator: Old Designator=CB2 New Designator=CB3
Change Component Designator: Old Designator=CB3 New Designator=CB5
Change Component Designator: Old Designator=CB4 New Designator=CB9
Change Component Designator: Old Designator=CB? New Designator=CB1
Change Component Designator: Old Designator=CB? New Designator=CB4
Change Component Designator: Old Designator=CB? New Designator=CB6
Change Component Designator: Old Designator=CB? New Designator=CB7
Change Component Designator: Old Designator=CB? New Designator=CB8
Change Component Designator: Old Designator=R6 New Designator=R7
Change Component Designator: Old Designator=R7 New Designator=R8
Change Component Designator: Old Designator=R8 New Designator=R9
Change Component Designator: Old Designator=R9 New Designator=R10
Change Component Designator: Old Designator=R10 New Designator=R11
Change Component Designator: Old Designator=R13 New Designator=R12
Change Component Designator: Old Designator=R14 New Designator=R13
Change Component Designator: Old Designator=R15 New Designator=R14
Change Component Designator: Old Designator=R16 New Designator=R15
Change Component Designator: Old Designator=R17 New Designator=R16
Change Component Designator: Old Designator=R18 New Designator=R17
Change Component Designator: Old Designator=R19 New Designator=R18
Change Component Designator: Old Designator=R20 New Designator=R19
Change Component Designator: Old Designator=R? New Designator=R6
Change Component Designator: Old Designator=Y2 New Designator=Y3
Change Component Designator: Old Designator=Y? New Designator=Y2
