Change Component Designator: Old Designator=C23 New Designator=C24
Change Component Designator: Old Designator=C24 New Designator=C25
Change Component Designator: Old Designator=C25 New Designator=C27
Change Component Designator: Old Designator=C26 New Designator=C28
Change Component Designator: Old Designator=C27 New Designator=C29
Change Component Designator: Old Designator=C29 New Designator=C23
Change Component Designator: Old Designator=C30 New Designator=C26
Change Component Designator: Old Designator=C31 New Designator=C30
Change Component Designator: Old Designator=C32 New Designator=C31
Change Component Designator: Old Designator=C33 New Designator=C32
Change Component Designator: Old Designator=C34 New Designator=C33
Change Component Designator: Old Designator=C35 New Designator=C34
Change Component Designator: Old Designator=C36 New Designator=C35
Change Component Designator: Old Designator=C37 New Designator=C36
Change Component Designator: Old Designator=C38 New Designator=C37
Change Component Designator: Old Designator=C41 New Designator=C38
Change Component Designator: Old Designator=CON New Designator=CON1
Change Component Designator: Old Designator=D10 New Designator=D7
Change Component Designator: Old Designator=D11 New Designator=D8
Change Component Designator: Old Designator=D? New Designator=D5
Change Component Designator: Old Designator=F3 New Designator=F1
Change Component Designator: Old Designator=F? New Designator=F2
Change Component Designator: Old Designator=F? New Designator=F3
Change Component Designator: Old Designator=JP20 New Designator=JP1
Change Component Designator: Old Designator=L1 New Designator=L2
Change Component Designator: Old Designator=L2 New Designator=L1
Change Component Designator: Old Designator=LED12 New Designator=LED5
Change Component Designator: Old Designator=LED18 New Designator=LED4
Change Component Designator: Old Designator=Q3 New Designator=Q1
Change Component Designator: Old Designator=Q4 New Designator=Q2
Change Component Designator: Old Designator=Q5 New Designator=Q3
Change Component Designator: Old Designator=Q6 New Designator=Q4
Change Component Designator: Old Designator=Q7 New Designator=Q5
Change Component Designator: Old Designator=Q8 New Designator=Q6
Change Component Designator: Old Designator=Q9 New Designator=Q7
Change Component Designator: Old Designator=Q10 New Designator=Q8
Change Component Designator: Old Designator=R25 New Designator=R27
Change Component Designator: Old Designator=R26 New Designator=R28
Change Component Designator: Old Designator=R27 New Designator=R29
Change Component Designator: Old Designator=R35 New Designator=R26
Change Component Designator: Old Designator=R39 New Designator=R30
Change Component Designator: Old Designator=R40 New Designator=R31
Change Component Designator: Old Designator=R42 New Designator=R32
Change Component Designator: Old Designator=R43 New Designator=R33
Change Component Designator: Old Designator=R45 New Designator=R34
Change Component Designator: Old Designator=R47 New Designator=R36
Change Component Designator: Old Designator=R48 New Designator=R37
Change Component Designator: Old Designator=R49 New Designator=R35
Change Component Designator: Old Designator=R50 New Designator=R38
Change Component Designator: Old Designator=R51 New Designator=R39
Change Component Designator: Old Designator=R52 New Designator=R40
Change Component Designator: Old Designator=R53 New Designator=R41
Change Component Designator: Old Designator=R55 New Designator=R42
Change Component Designator: Old Designator=R62 New Designator=R43
Change Component Designator: Old Designator=R126 New Designator=R25
Change Component Designator: Old Designator=S? New Designator=S2
Change Component Designator: Old Designator=S? New Designator=S3
Change Component Designator: Old Designator=S? New Designator=S4
Change Component Designator: Old Designator=TP? New Designator=TP1
Change Component Designator: Old Designator=TP? New Designator=TP2
Change Component Designator: Old Designator=TP? New Designator=TP3
