Change Component Designator: Old Designator=C37 New Designator=C38
Change Component Designator: Old Designator=C38 New Designator=C40
Change Component Designator: Old Designator=C? New Designator=C37
Change Component Designator: Old Designator=C? New Designator=C39
Change Component Designator: Old Designator=C? New Designator=C41
Change Component Designator: Old Designator=C? New Designator=C42
Change Component Designator: Old Designator=CB? New Designator=CB5
Change Component Designator: Old Designator=CB? New Designator=CB6
Change Component Designator: Old Designator=CB? New Designator=CB7
Change Component Designator: Old Designator=CB? New Designator=CB8
Change Component Designator: Old Designator=CB? New Designator=CB9
Change Component Designator: Old Designator=F? New Designator=F4
Change Component Designator: Old Designator=F? New Designator=F5
Change Component Designator: Old Designator=LED? New Designator=LED6
Change Component Designator: Old Designator=LED? New Designator=LED7
Change Component Designator: Old Designator=Q8 New Designator=Q9
Change Component Designator: Old Designator=Q? New Designator=Q8
Change Component Designator: Old Designator=Q? New Designator=Q10
Change Component Designator: Old Designator=R25 New Designator=R22
Change Component Designator: Old Designator=R26 New Designator=R23
Change Component Designator: Old Designator=R27 New Designator=R24
Change Component Designator: Old Designator=R28 New Designator=R25
Change Component Designator: Old Designator=R29 New Designator=R26
Change Component Designator: Old Designator=R30 New Designator=R27
Change Component Designator: Old Designator=R31 New Designator=R28
Change Component Designator: Old Designator=R32 New Designator=R29
Change Component Designator: Old Designator=R33 New Designator=R30
Change Component Designator: Old Designator=R34 New Designator=R31
Change Component Designator: Old Designator=R35 New Designator=R34
Change Component Designator: Old Designator=R36 New Designator=R32
Change Component Designator: Old Designator=R37 New Designator=R33
Change Component Designator: Old Designator=R38 New Designator=R35
Change Component Designator: Old Designator=R39 New Designator=R36
Change Component Designator: Old Designator=R40 New Designator=R37
Change Component Designator: Old Designator=R41 New Designator=R38
Change Component Designator: Old Designator=R42 New Designator=R39
Change Component Designator: Old Designator=R43 New Designator=R48
Change Component Designator: Old Designator=R? New Designator=R40
Change Component Designator: Old Designator=R? New Designator=R41
Change Component Designator: Old Designator=R? New Designator=R42
Change Component Designator: Old Designator=R? New Designator=R43
Change Component Designator: Old Designator=R? New Designator=R44
Change Component Designator: Old Designator=R? New Designator=R45
Change Component Designator: Old Designator=R? New Designator=R46
Change Component Designator: Old Designator=R? New Designator=R47
Change Component Designator: Old Designator=R? New Designator=R49
Change Component Designator: Old Designator=R? New Designator=R50
Change Component Designator: Old Designator=R? New Designator=R51
Change Component Designator: Old Designator=R? New Designator=R52
Change Component Designator: Old Designator=R? New Designator=R53
Change Component Designator: Old Designator=R? New Designator=R54
Change Component Designator: Old Designator=R? New Designator=R55
Change Component Designator: Old Designator=TP? New Designator=TP1
Change Component Designator: Old Designator=U? New Designator=U4
Change Component Designator: Old Designator=U? New Designator=U5
Change Component Designator: Old Designator=U? New Designator=U6
