Change Component Designator: Old Designator=C44 New Designator=C39
Change Component Designator: Old Designator=C45 New Designator=C40
Change Component Designator: Old Designator=C46 New Designator=C42
Change Component Designator: Old Designator=C47 New Designator=C43
Change Component Designator: Old Designator=C48 New Designator=C44
Change Component Designator: Old Designator=C49 New Designator=C45
Change Component Designator: Old Designator=C54 New Designator=C41
Change Component Designator: Old Designator=CB? New Designator=CB1
Change Component Designator: Old Designator=D13 New Designator=D9
Change Component Designator: Old Designator=J2 New Designator=J1
Change Component Designator: Old Designator=J3 New Designator=J2
Change Component Designator: Old Designator=LED10 New Designator=LED6
Change Component Designator: Old Designator=Q13 New Designator=Q9
Change Component Designator: Old Designator=R72 New Designator=R44
Change Component Designator: Old Designator=R73 New Designator=R48
Change Component Designator: Old Designator=R74 New Designator=R52
Change Component Designator: Old Designator=R75 New Designator=R53
Change Component Designator: Old Designator=R76 New Designator=R55
Change Component Designator: Old Designator=R77 New Designator=R56
Change Component Designator: Old Designator=R78 New Designator=R57
Change Component Designator: Old Designator=R79 New Designator=R60
Change Component Designator: Old Designator=R80 New Designator=R61
Change Component Designator: Old Designator=R81 New Designator=R58
Change Component Designator: Old Designator=R82 New Designator=R54
Change Component Designator: Old Designator=R83 New Designator=R59
Change Component Designator: Old Designator=R127 New Designator=R46
Change Component Designator: Old Designator=R128 New Designator=R47
Change Component Designator: Old Designator=R129 New Designator=R49
Change Component Designator: Old Designator=R130 New Designator=R50
Change Component Designator: Old Designator=R131 New Designator=R51
Change Component Designator: Old Designator=R135 New Designator=R45
Change Component Designator: Old Designator=U6 New Designator=U4
Change Component Designator: Old Designator=U7 New Designator=U5
